<?xml version="1.0" encoding="UTF-8"?>
<!-- Generated by org.testng.reporters.JUnitXMLReporter -->
<testsuite hostname="LAPTOP-LEDPMJ88" ignored="0" name="Map Smoke Test Run" tests="1" failures="1" timestamp="08 Feb 2020 09:39:48 GMT" time="0.134" errors="0">
  <testcase name="testLogin" time="0.087" classname="login.LoginTest">
    <failure type="java.lang.NullPointerException">
      <![CDATA[java.lang.NullPointerException
at com.google.common.base.Preconditions.checkNotNull(Preconditions.java:882)
at org.openqa.selenium.support.ui.FluentWait.<init>(FluentWait.java:104)
at org.openqa.selenium.support.ui.WebDriverWait.<init>(WebDriverWait.java:71)
at org.openqa.selenium.support.ui.WebDriverWait.<init>(WebDriverWait.java:45)
at pages.BasePage.enterData(BasePage.java:11)
at pages.LoginPage.enterEmail(LoginPage.java:13)
at login.LoginTest.testLogin(LoginTest.java:30)
... Removed 25 stack frames]]>
    </failure>
  </testcase> <!-- testLogin -->
</testsuite> <!-- Map Smoke Test Run -->
