<?xml version="1.0" encoding="UTF-8"?>
<testng-results skipped="0" failed="0" ignored="0" total="1" passed="1">
  <reporter-output>
  </reporter-output>
  <suite name="Automated Smoke Suite" duration-ms="22322" started-at="2020-02-08T10:20:31Z" finished-at="2020-02-08T10:20:53Z">
    <groups>
      <group name="smoke">
        <method signature="LoginTest.testLogin()[pri:0, instance:login.LoginTest@4e04a765]" name="testLogin" class="login.LoginTest"/>
      </group> <!-- smoke -->
    </groups>
    <test name="Smoke Test Run" duration-ms="22322" started-at="2020-02-08T10:20:31Z" finished-at="2020-02-08T10:20:53Z">
      <class name="login.LoginTest">
        <test-method status="PASS" signature="setUp()[pri:0, instance:login.LoginTest@4e04a765]" name="setUp" is-config="true" duration-ms="15177" started-at="2020-02-08T10:20:31Z" finished-at="2020-02-08T10:20:46Z">
          <reporter-output>
          </reporter-output>
        </test-method> <!-- setUp -->
        <test-method status="PASS" signature="testLogin()[pri:0, instance:login.LoginTest@4e04a765]" name="testLogin" duration-ms="6408" started-at="2020-02-08T10:20:46Z" finished-at="2020-02-08T10:20:53Z">
          <reporter-output>
          </reporter-output>
        </test-method> <!-- testLogin -->
        <test-method status="PASS" signature="tearDown()[pri:0, instance:login.LoginTest@4e04a765]" name="tearDown" is-config="true" duration-ms="710" started-at="2020-02-08T10:20:53Z" finished-at="2020-02-08T10:20:53Z">
          <reporter-output>
          </reporter-output>
        </test-method> <!-- tearDown -->
      </class> <!-- login.LoginTest -->
    </test> <!-- Smoke Test Run -->
  </suite> <!-- Automated Smoke Suite -->
</testng-results>
