<?xml version="1.0" encoding="UTF-8"?>
<testng-results skipped="0" failed="0" ignored="0" total="1" passed="1">
  <reporter-output>
  </reporter-output>
  <suite name="Automated Smoke Suite" duration-ms="19210" started-at="2020-02-08T12:45:41Z" finished-at="2020-02-08T12:46:00Z">
    <groups>
      <group name="smoke">
        <method signature="LoginTest.testLogin(java.lang.reflect.Method)[pri:0, instance:login.LoginTest@27c20538]" name="testLogin" class="login.LoginTest"/>
      </group> <!-- smoke -->
    </groups>
    <test name="Smoke Test Run" duration-ms="19210" started-at="2020-02-08T12:45:41Z" finished-at="2020-02-08T12:46:00Z">
      <class name="login.LoginTest">
        <test-method status="PASS" signature="setUp()[pri:0, instance:login.LoginTest@27c20538]" name="setUp" is-config="true" duration-ms="13732" started-at="2020-02-08T12:45:41Z" finished-at="2020-02-08T12:45:55Z">
          <reporter-output>
          </reporter-output>
        </test-method> <!-- setUp -->
        <test-method status="PASS" signature="testLogin(java.lang.reflect.Method)[pri:0, instance:login.LoginTest@27c20538]" name="testLogin" duration-ms="4810" started-at="2020-02-08T12:45:55Z" finished-at="2020-02-08T12:46:00Z">
          <params>
            <param index="0">
              <value>
                <![CDATA[public void login.LoginTest.testLogin(java.lang.reflect.Method) throws java.io.IOException]]>
              </value>
            </param>
          </params>
          <reporter-output>
          </reporter-output>
        </test-method> <!-- testLogin -->
        <test-method status="PASS" signature="tearDown()[pri:0, instance:login.LoginTest@27c20538]" name="tearDown" is-config="true" duration-ms="641" started-at="2020-02-08T12:46:00Z" finished-at="2020-02-08T12:46:00Z">
          <reporter-output>
          </reporter-output>
        </test-method> <!-- tearDown -->
      </class> <!-- login.LoginTest -->
    </test> <!-- Smoke Test Run -->
  </suite> <!-- Automated Smoke Suite -->
</testng-results>
